-------------------------------------------------------------------------------
Test set: com.example.demo.DemoSpring1ApplicationTests
-------------------------------------------------------------------------------
Tests run: 1, Failures: 0, Errors: 1, Skipped: 0, Time elapsed: 5.599 s <<< FAILURE! - in com.example.demo.DemoSpring1ApplicationTests
contextLoads  Time elapsed: 0.019 s  <<< ERROR!
java.lang.IllegalStateException: Failed to load ApplicationContext
Caused by: org.springframework.beans.factory.UnsatisfiedDependencyException: Error creating bean with name 'lenguajeController': Unsatisfied dependency expressed through field 'lenguajeService'; nested exception is org.springframework.beans.factory.UnsatisfiedDependencyException: Error creating bean with name 'lenguajeServiceImp': Unsatisfied dependency expressed through field 'lenguajeDao'; nested exception is org.springframework.beans.factory.BeanCreationException: Error creating bean with name 'ILenguajeDao' defined in com.example.demo.dao.ILenguajeDao defined in @EnableJpaRepositories declared on JpaRepositoriesRegistrar.EnableJpaRepositoriesConfiguration: Invocation of init method failed; nested exception is org.springframework.data.repository.query.QueryCreationException: Could not create query for public abstract com.example.demo.entity.Lenguaje com.example.demo.dao.ILenguajeDao.findByIdSQL(java.lang.Long)! Reason: Validation failed for query for method public abstract com.example.demo.entity.Lenguaje com.example.demo.dao.ILenguajeDao.findByIdSQL(java.lang.Long)!; nested exception is java.lang.IllegalArgumentException: Validation failed for query for method public abstract com.example.demo.entity.Lenguaje com.example.demo.dao.ILenguajeDao.findByIdSQL(java.lang.Long)!
Caused by: org.springframework.beans.factory.UnsatisfiedDependencyException: Error creating bean with name 'lenguajeServiceImp': Unsatisfied dependency expressed through field 'lenguajeDao'; nested exception is org.springframework.beans.factory.BeanCreationException: Error creating bean with name 'ILenguajeDao' defined in com.example.demo.dao.ILenguajeDao defined in @EnableJpaRepositories declared on JpaRepositoriesRegistrar.EnableJpaRepositoriesConfiguration: Invocation of init method failed; nested exception is org.springframework.data.repository.query.QueryCreationException: Could not create query for public abstract com.example.demo.entity.Lenguaje com.example.demo.dao.ILenguajeDao.findByIdSQL(java.lang.Long)! Reason: Validation failed for query for method public abstract com.example.demo.entity.Lenguaje com.example.demo.dao.ILenguajeDao.findByIdSQL(java.lang.Long)!; nested exception is java.lang.IllegalArgumentException: Validation failed for query for method public abstract com.example.demo.entity.Lenguaje com.example.demo.dao.ILenguajeDao.findByIdSQL(java.lang.Long)!
Caused by: org.springframework.beans.factory.BeanCreationException: Error creating bean with name 'ILenguajeDao' defined in com.example.demo.dao.ILenguajeDao defined in @EnableJpaRepositories declared on JpaRepositoriesRegistrar.EnableJpaRepositoriesConfiguration: Invocation of init method failed; nested exception is org.springframework.data.repository.query.QueryCreationException: Could not create query for public abstract com.example.demo.entity.Lenguaje com.example.demo.dao.ILenguajeDao.findByIdSQL(java.lang.Long)! Reason: Validation failed for query for method public abstract com.example.demo.entity.Lenguaje com.example.demo.dao.ILenguajeDao.findByIdSQL(java.lang.Long)!; nested exception is java.lang.IllegalArgumentException: Validation failed for query for method public abstract com.example.demo.entity.Lenguaje com.example.demo.dao.ILenguajeDao.findByIdSQL(java.lang.Long)!
Caused by: org.springframework.data.repository.query.QueryCreationException: Could not create query for public abstract com.example.demo.entity.Lenguaje com.example.demo.dao.ILenguajeDao.findByIdSQL(java.lang.Long)! Reason: Validation failed for query for method public abstract com.example.demo.entity.Lenguaje com.example.demo.dao.ILenguajeDao.findByIdSQL(java.lang.Long)!; nested exception is java.lang.IllegalArgumentException: Validation failed for query for method public abstract com.example.demo.entity.Lenguaje com.example.demo.dao.ILenguajeDao.findByIdSQL(java.lang.Long)!
Caused by: java.lang.IllegalArgumentException: Validation failed for query for method public abstract com.example.demo.entity.Lenguaje com.example.demo.dao.ILenguajeDao.findByIdSQL(java.lang.Long)!
Caused by: java.lang.IllegalArgumentException: org.hibernate.hql.internal.ast.QuerySyntaxException: lenguaje is not mapped [select g from lenguaje g where g.id=?1]
Caused by: org.hibernate.hql.internal.ast.QuerySyntaxException: lenguaje is not mapped [select g from lenguaje g where g.id=?1]
Caused by: org.hibernate.hql.internal.ast.QuerySyntaxException: lenguaje is not mapped

